<?xml version="1.0" encoding="UTF-8"?>
<testng-results ignored="0" total="2" passed="2" failed="0" skipped="0">
  <reporter-output>
  </reporter-output>
  <suite started-at="2023-02-08T17:41:41 IST" name="Suite" finished-at="2023-02-08T17:43:54 IST" duration-ms="132881">
    <groups>
    </groups>
    <test started-at="2023-02-08T17:41:41 IST" name="Test" finished-at="2023-02-08T17:43:54 IST" duration-ms="132881">
      <class name="Naukari1.login">
        <test-method is-config="true" signature="browserlogin()[pri:0, instance:Naukari1.login@4d9e68d0]" started-at="2023-02-08T17:41:42 IST" name="browserlogin" finished-at="2023-02-08T17:41:50 IST" duration-ms="8558" status="PASS">
          <reporter-output>
          </reporter-output>
        </test-method> <!-- browserlogin -->
        <test-method is-config="true" signature="Naukarilogin()[pri:0, instance:Naukari1.login@4d9e68d0]" started-at="2023-02-08T17:41:50 IST" name="Naukarilogin" finished-at="2023-02-08T17:42:11 IST" duration-ms="20691" status="PASS">
          <reporter-output>
          </reporter-output>
        </test-method> <!-- Naukarilogin -->
        <test-method signature="Test()[pri:0, instance:Naukari1.login@4d9e68d0]" started-at="2023-02-08T17:42:11 IST" name="Test" finished-at="2023-02-08T17:42:56 IST" duration-ms="44758" status="PASS">
          <reporter-output>
          </reporter-output>
        </test-method> <!-- Test -->
        <test-method is-config="true" signature="logoutNaukari()[pri:0, instance:Naukari1.login@4d9e68d0]" started-at="2023-02-08T17:42:56 IST" name="logoutNaukari" finished-at="2023-02-08T17:42:56 IST" duration-ms="1" status="PASS">
          <reporter-output>
          </reporter-output>
        </test-method> <!-- logoutNaukari -->
        <test-method is-config="true" signature="logoutBrowser()[pri:0, instance:Naukari1.login@4d9e68d0]" started-at="2023-02-08T17:42:56 IST" name="logoutBrowser" finished-at="2023-02-08T17:43:03 IST" duration-ms="7284" status="PASS">
          <reporter-output>
          </reporter-output>
        </test-method> <!-- logoutBrowser -->
      </class> <!-- Naukari1.login -->
      <class name="Naukari1.login1">
        <test-method is-config="true" signature="browserlogin()[pri:0, instance:Naukari1.login1@5fdcaa40]" started-at="2023-02-08T17:43:03 IST" name="browserlogin" finished-at="2023-02-08T17:43:08 IST" duration-ms="5140" status="PASS">
          <reporter-output>
          </reporter-output>
        </test-method> <!-- browserlogin -->
        <test-method is-config="true" signature="Naukarilogin()[pri:0, instance:Naukari1.login1@5fdcaa40]" started-at="2023-02-08T17:43:08 IST" name="Naukarilogin" finished-at="2023-02-08T17:43:27 IST" duration-ms="18594" status="PASS">
          <reporter-output>
          </reporter-output>
        </test-method> <!-- Naukarilogin -->
        <test-method signature="Test()[pri:0, instance:Naukari1.login1@5fdcaa40]" started-at="2023-02-08T17:43:27 IST" name="Test" finished-at="2023-02-08T17:43:53 IST" duration-ms="26380" status="PASS">
          <reporter-output>
          </reporter-output>
        </test-method> <!-- Test -->
        <test-method is-config="true" signature="logoutNaukari()[pri:0, instance:Naukari1.login1@5fdcaa40]" started-at="2023-02-08T17:43:53 IST" name="logoutNaukari" finished-at="2023-02-08T17:43:53 IST" duration-ms="3" status="PASS">
          <reporter-output>
          </reporter-output>
        </test-method> <!-- logoutNaukari -->
        <test-method is-config="true" signature="logoutBrowser()[pri:0, instance:Naukari1.login1@5fdcaa40]" started-at="2023-02-08T17:43:53 IST" name="logoutBrowser" finished-at="2023-02-08T17:43:54 IST" duration-ms="1316" status="PASS">
          <reporter-output>
          </reporter-output>
        </test-method> <!-- logoutBrowser -->
      </class> <!-- Naukari1.login1 -->
    </test> <!-- Test -->
  </suite> <!-- Suite -->
</testng-results>
